0 info it worked if it ends with ok
1 verbose cli [ 'C:\\Program Files\\Nodejs\\node.exe',
1 verbose cli   'C:\\Program Files\\Nodejs\\node_modules\\npm\\bin\\npm-cli.js',
1 verbose cli   'start' ]
2 info using npm@3.10.10
3 info using node@v6.10.3
4 verbose run-script [ 'prestart', 'start', 'poststart' ]
5 info lifecycle tt@1.0.0~prestart: tt@1.0.0
6 silly lifecycle tt@1.0.0~prestart: no script for prestart, continuing
7 info lifecycle tt@1.0.0~start: tt@1.0.0
8 verbose lifecycle tt@1.0.0~start: unsafe-perm in lifecycle true
9 verbose lifecycle tt@1.0.0~start: PATH: C:\Program Files\Nodejs\node_modules\npm\bin\node-gyp-bin;C:\Users\Manpreet\REACT\final\qudos_admin_portal\node_modules\.bin;C:\Users\Manpreet\AppData\Roaming\npm;C:\Program Files\Nodejs\;C:\Program Files\Broadcom\Broadcom 802.11;C:\Program Files (x86)\Intel\iCLS Client\;C:\Program Files\Intel\iCLS Client\;C:\WINDOWS\system32;C:\WINDOWS;C:\WINDOWS\System32\Wbem;C:\WINDOWS\System32\WindowsPowerShell\v1.0\;C:\Program Files\Hewlett-Packard\SimplePass\;C:\Program Files\Intel\Intel(R) Management Engine Components\DAL;C:\Program Files\Intel\Intel(R) Management Engine Components\IPT;C:\Program Files (x86)\Intel\Intel(R) Management Engine Components\DAL;C:\Program Files (x86)\Intel\Intel(R) Management Engine Components\IPT;C:\Program Files\Java\jdk1.7.0_25\bin;C:\xampp\mysql\bin;C:\Program Files (x86)\Microsoft SQL Server\100\Tools\Binn\;C:\Program Files\Microsoft SQL Server\100\Tools\Binn\;C:\Program Files\Microsoft SQL Server\100\DTS\Binn\;C:\Program Files (x86)\Microsoft SQL Server\100\Tools\Binn\VSShell\Common7\IDE\;C:\Program Files (x86)\Microsoft SQL Server\100\DTS\Binn\;C:\Program Files (x86)\Microsoft Visual Studio 9.0\Common7\IDE\PrivateAssemblies\;C:\Program Files (x86)\Skype\Phone\C:\Program Files (x86)\Java\jdk1.8.0_45;C:\Program Files\Java\jdk1.7.0_25;C:\Program Files (x86)\Common Files\lenovo\easyplussdk\bin;C:\Program Files\Git\cmd;C:\Program Files\Nodejs\;C:\RailsInstaller\Git\cmd;C:\RailsInstaller\Ruby2.3.0\bin;C:\Program Files\Java\jdk1.7.0_25;C:\Users\Manpreet\AppData\Local\Microsoft\WindowsApps;;C:\Program Files\Microsoft VS Code\bin;C:\Users\Manpreet\AppData\Roaming\npm
10 verbose lifecycle tt@1.0.0~start: CWD: C:\Users\Manpreet\REACT\final\qudos_admin_portal
11 silly lifecycle tt@1.0.0~start: Args: [ '/d /s /c', 'node lib/server.js' ]
12 silly lifecycle tt@1.0.0~start: Returned: code: 1  signal: null
13 info lifecycle tt@1.0.0~start: Failed to exec start script
14 verbose stack Error: tt@1.0.0 start: `node lib/server.js`
14 verbose stack Exit status 1
14 verbose stack     at EventEmitter.<anonymous> (C:\Program Files\Nodejs\node_modules\npm\lib\utils\lifecycle.js:255:16)
14 verbose stack     at emitTwo (events.js:106:13)
14 verbose stack     at EventEmitter.emit (events.js:191:7)
14 verbose stack     at ChildProcess.<anonymous> (C:\Program Files\Nodejs\node_modules\npm\lib\utils\spawn.js:40:14)
14 verbose stack     at emitTwo (events.js:106:13)
14 verbose stack     at ChildProcess.emit (events.js:191:7)
14 verbose stack     at maybeClose (internal/child_process.js:886:16)
14 verbose stack     at Process.ChildProcess._handle.onexit (internal/child_process.js:226:5)
15 verbose pkgid tt@1.0.0
16 verbose cwd C:\Users\Manpreet\REACT\final\qudos_admin_portal
17 error Windows_NT 10.0.16299
18 error argv "C:\\Program Files\\Nodejs\\node.exe" "C:\\Program Files\\Nodejs\\node_modules\\npm\\bin\\npm-cli.js" "start"
19 error node v6.10.3
20 error npm  v3.10.10
21 error code ELIFECYCLE
22 error tt@1.0.0 start: `node lib/server.js`
22 error Exit status 1
23 error Failed at the tt@1.0.0 start script 'node lib/server.js'.
23 error Make sure you have the latest version of node.js and npm installed.
23 error If you do, this is most likely a problem with the tt package,
23 error not with npm itself.
23 error Tell the author that this fails on your system:
23 error     node lib/server.js
23 error You can get information on how to open an issue for this project with:
23 error     npm bugs tt
23 error Or if that isn't available, you can get their info via:
23 error     npm owner ls tt
23 error There is likely additional logging output above.
24 verbose exit [ 1, true ]
